<?xml version="1.0" encoding="UTF-8"?>
<!-- Generated by org.testng.reporters.JUnitReportReporter -->
<testsuite hostname="INLPF3L43V4" failures="0" tests="1" name="rahulshettyacademy.ExtentReports.ExtentReportsDemo" time="25.477" errors="0" timestamp="2024-10-05T15:34:46 IST" skipped="0">
  <testcase classname="rahulshettyacademy.ExtentReports.ExtentReportsDemo" name="initialDemo" time="25.477"/>
</testsuite> <!-- rahulshettyacademy.ExtentReports.ExtentReportsDemo -->
